<?xml version="1.0" encoding="UTF-8"?>
<coverage generated="1640271681755" clover="3.2.0">
  <project timestamp="1640271681755" name="All files">
    <metrics statements="30" coveredstatements="28" conditionals="12" coveredconditionals="10" methods="8" coveredmethods="7" elements="50" coveredelements="45" complexity="0" loc="30" ncloc="30" packages="1" files="3" classes="3"/>
    <file name="convertObjInStr.js" path="/Users/dmitriy/Documents/code/workSpase/frontend-project-lvl2/src/convertObjInStr.js">
      <metrics statements="5" coveredstatements="5" conditionals="0" coveredconditionals="0" methods="1" coveredmethods="1"/>
      <line num="1" count="1" type="stmt"/>
      <line num="2" count="2" type="stmt"/>
      <line num="4" count="2" type="stmt"/>
      <line num="5" count="12" type="stmt"/>
      <line num="7" count="2" type="stmt"/>
    </file>
    <file name="getDifferences.js" path="/Users/dmitriy/Documents/code/workSpase/frontend-project-lvl2/src/getDifferences.js">
      <metrics statements="20" coveredstatements="20" conditionals="10" coveredconditionals="10" methods="5" coveredmethods="5"/>
      <line num="6" count="1" type="stmt"/>
      <line num="7" count="1" type="stmt"/>
      <line num="9" count="1" type="stmt"/>
      <line num="10" count="4" type="stmt"/>
      <line num="11" count="12" type="cond" truecount="4" falsecount="0"/>
      <line num="12" count="1" type="stmt"/>
      <line num="13" count="1" type="stmt"/>
      <line num="15" count="11" type="cond" truecount="4" falsecount="0"/>
      <line num="16" count="1" type="stmt"/>
      <line num="17" count="1" type="stmt"/>
      <line num="18" count="1" type="stmt"/>
      <line num="21" count="4" type="stmt"/>
      <line num="24" count="1" type="stmt"/>
      <line num="25" count="2" type="stmt"/>
      <line num="26" count="7" type="cond" truecount="2" falsecount="0"/>
      <line num="27" count="3" type="stmt"/>
      <line num="28" count="3" type="stmt"/>
      <line num="33" count="1" type="stmt"/>
      <line num="34" count="1" type="stmt"/>
      <line num="35" count="1" type="stmt"/>
    </file>
    <file name="parseIntoObj.js" path="/Users/dmitriy/Documents/code/workSpase/frontend-project-lvl2/src/parseIntoObj.js">
      <metrics statements="5" coveredstatements="3" conditionals="2" coveredconditionals="0" methods="2" coveredmethods="1"/>
      <line num="3" count="1" type="stmt"/>
      <line num="4" count="2" type="stmt"/>
      <line num="5" count="0" type="cond" truecount="0" falsecount="2"/>
      <line num="6" count="0" type="stmt"/>
      <line num="8" count="2" type="stmt"/>
    </file>
  </project>
</coverage>
