{"/Users/dmitriy/Documents/code/workSpase/frontend-project-lvl2/testing.js": {"path":"/Users/dmitriy/Documents/code/workSpase/frontend-project-lvl2/testing.js","statementMap":{"0":{"start":{"line":1,"column":16},"end":{"line":1,"column":26}},"1":{"start":{"line":1,"column":22},"end":{"line":1,"column":26}}},"fnMap":{"0":{"name":"(anonymous_0)","decl":{"start":{"line":1,"column":16},"end":{"line":1,"column":17}},"loc":{"start":{"line":1,"column":22},"end":{"line":1,"column":26}},"line":1}},"branchMap":{},"s":{"0":1,"1":1},"f":{"0":1},"b":{},"_coverageSchema":"1a1c01bbd47fc00a2c39e90264f33305004495a9","hash":"31e6e7e695aefc2247659a8ea80033a8ec12bef0"}
}
