{"/Users/dmitriy/Documents/code/workSpase/frontend-project-lvl2/src/convertObjInStr.js": {"path":"/Users/dmitriy/Documents/code/workSpase/frontend-project-lvl2/src/convertObjInStr.js","statementMap":{"0":{"start":{"line":1,"column":24},"end":{"line":8,"column":1}},"1":{"start":{"line":2,"column":12},"end":{"line":2,"column":15}},"2":{"start":{"line":4,"column":2},"end":{"line":6,"column":3}},"3":{"start":{"line":5,"column":4},"end":{"line":5,"column":32}},"4":{"start":{"line":7,"column":2},"end":{"line":7,"column":21}}},"fnMap":{"0":{"name":"(anonymous_0)","decl":{"start":{"line":1,"column":24},"end":{"line":1,"column":25}},"loc":{"start":{"line":1,"column":33},"end":{"line":8,"column":1}},"line":1}},"branchMap":{},"s":{"0":1,"1":2,"2":2,"3":12,"4":2},"f":{"0":2},"b":{},"_coverageSchema":"1a1c01bbd47fc00a2c39e90264f33305004495a9","hash":"0ccf04d2a0edfa09d20b8c8b66d7a025062f3ba6"}
,"/Users/dmitriy/Documents/code/workSpase/frontend-project-lvl2/src/getDifferences.js": {"path":"/Users/dmitriy/Documents/code/workSpase/frontend-project-lvl2/src/getDifferences.js","statementMap":{"0":{"start":{"line":6,"column":23},"end":{"line":36,"column":1}},"1":{"start":{"line":7,"column":26},"end":{"line":7,"column":28}},"2":{"start":{"line":9,"column":17},"end":{"line":22,"column":8}},"3":{"start":{"line":10,"column":4},"end":{"line":20,"column":7}},"4":{"start":{"line":11,"column":6},"end":{"line":14,"column":7}},"5":{"start":{"line":12,"column":8},"end":{"line":12,"column":37}},"6":{"start":{"line":13,"column":8},"end":{"line":13,"column":43}},"7":{"start":{"line":15,"column":6},"end":{"line":19,"column":7}},"8":{"start":{"line":16,"column":8},"end":{"line":16,"column":37}},"9":{"start":{"line":17,"column":8},"end":{"line":17,"column":38}},"10":{"start":{"line":18,"column":8},"end":{"line":18,"column":55}},"11":{"start":{"line":21,"column":4},"end":{"line":21,"column":19}},"12":{"start":{"line":24,"column":24},"end":{"line":31,"column":3}},"13":{"start":{"line":25,"column":4},"end":{"line":30,"column":7}},"14":{"start":{"line":26,"column":6},"end":{"line":29,"column":7}},"15":{"start":{"line":27,"column":8},"end":{"line":27,"column":37}},"16":{"start":{"line":28,"column":8},"end":{"line":28,"column":43}},"17":{"start":{"line":33,"column":2},"end":{"line":33,"column":27}},"18":{"start":{"line":34,"column":2},"end":{"line":34,"column":27}},"19":{"start":{"line":35,"column":2},"end":{"line":35,"column":33}}},"fnMap":{"0":{"name":"(anonymous_0)","decl":{"start":{"line":6,"column":23},"end":{"line":6,"column":24}},"loc":{"start":{"line":6,"column":39},"end":{"line":36,"column":1}},"line":6},"1":{"name":"(anonymous_1)","decl":{"start":{"line":9,"column":35},"end":{"line":9,"column":36}},"loc":{"start":{"line":9,"column":60},"end":{"line":22,"column":3}},"line":9},"2":{"name":"(anonymous_2)","decl":{"start":{"line":10,"column":16},"end":{"line":10,"column":17}},"loc":{"start":{"line":10,"column":42},"end":{"line":20,"column":5}},"line":10},"3":{"name":"(anonymous_3)","decl":{"start":{"line":24,"column":24},"end":{"line":24,"column":25}},"loc":{"start":{"line":24,"column":39},"end":{"line":31,"column":3}},"line":24},"4":{"name":"(anonymous_4)","decl":{"start":{"line":25,"column":15},"end":{"line":25,"column":16}},"loc":{"start":{"line":25,"column":31},"end":{"line":30,"column":5}},"line":25}},"branchMap":{"0":{"loc":{"start":{"line":11,"column":6},"end":{"line":14,"column":7}},"type":"if","locations":[{"start":{"line":11,"column":6},"end":{"line":14,"column":7}},{"start":{},"end":{}}],"line":11},"1":{"loc":{"start":{"line":11,"column":10},"end":{"line":11,"column":66}},"type":"binary-expr","locations":[{"start":{"line":11,"column":10},"end":{"line":11,"column":34}},{"start":{"line":11,"column":38},"end":{"line":11,"column":66}}],"line":11},"2":{"loc":{"start":{"line":15,"column":6},"end":{"line":19,"column":7}},"type":"if","locations":[{"start":{"line":15,"column":6},"end":{"line":19,"column":7}},{"start":{},"end":{}}],"line":15},"3":{"loc":{"start":{"line":15,"column":10},"end":{"line":15,"column":67}},"type":"binary-expr","locations":[{"start":{"line":15,"column":10},"end":{"line":15,"column":34}},{"start":{"line":15,"column":38},"end":{"line":15,"column":67}}],"line":15},"4":{"loc":{"start":{"line":26,"column":6},"end":{"line":29,"column":7}},"type":"if","locations":[{"start":{"line":26,"column":6},"end":{"line":29,"column":7}},{"start":{},"end":{}}],"line":26}},"s":{"0":1,"1":1,"2":1,"3":4,"4":12,"5":1,"6":1,"7":11,"8":1,"9":1,"10":1,"11":4,"12":1,"13":2,"14":7,"15":3,"16":3,"17":1,"18":1,"19":1},"f":{"0":1,"1":4,"2":12,"3":2,"4":7},"b":{"0":[1,11],"1":[12,2],"2":[1,10],"3":[11,1],"4":[3,4]},"_coverageSchema":"1a1c01bbd47fc00a2c39e90264f33305004495a9","hash":"8becebbc9244a6f5ceb0a56c37d128c8e8f96362"}
,"/Users/dmitriy/Documents/code/workSpase/frontend-project-lvl2/src/parseIntoObj.js": {"path":"/Users/dmitriy/Documents/code/workSpase/frontend-project-lvl2/src/parseIntoObj.js","statementMap":{"0":{"start":{"line":3,"column":21},"end":{"line":9,"column":1}},"1":{"start":{"line":4,"column":17},"end":{"line":7,"column":4}},"2":{"start":{"line":5,"column":4},"end":{"line":5,"column":23}},"3":{"start":{"line":5,"column":13},"end":{"line":5,"column":23}},"4":{"start":{"line":6,"column":4},"end":{"line":6,"column":16}},"5":{"start":{"line":8,"column":2},"end":{"line":8,"column":28}}},"fnMap":{"0":{"name":"(anonymous_0)","decl":{"start":{"line":3,"column":21},"end":{"line":3,"column":22}},"loc":{"start":{"line":3,"column":31},"end":{"line":9,"column":1}},"line":3},"1":{"name":"(anonymous_1)","decl":{"start":{"line":4,"column":39},"end":{"line":4,"column":40}},"loc":{"start":{"line":4,"column":54},"end":{"line":7,"column":3}},"line":4}},"branchMap":{"0":{"loc":{"start":{"line":5,"column":4},"end":{"line":5,"column":23}},"type":"if","locations":[{"start":{"line":5,"column":4},"end":{"line":5,"column":23}},{"start":{},"end":{}}],"line":5}},"s":{"0":1,"1":2,"2":0,"3":0,"4":0,"5":2},"f":{"0":2,"1":0},"b":{"0":[0,0]},"_coverageSchema":"1a1c01bbd47fc00a2c39e90264f33305004495a9","hash":"74bc6164c1d3a822b6941dbc767815d795023990"}
}
