TN:
SF:src/convertObjInStr.js
FN:1,(anonymous_0)
FNF:1
FNH:1
FNDA:2,(anonymous_0)
DA:1,1
DA:2,2
DA:4,2
DA:5,12
DA:7,2
LF:5
LH:5
BRF:0
BRH:0
end_of_record
TN:
SF:src/getDifferences.js
FN:6,(anonymous_0)
FN:9,(anonymous_1)
FN:10,(anonymous_2)
FN:24,(anonymous_3)
FN:25,(anonymous_4)
FNF:5
FNH:5
FNDA:1,(anonymous_0)
FNDA:4,(anonymous_1)
FNDA:12,(anonymous_2)
FNDA:2,(anonymous_3)
FNDA:7,(anonymous_4)
DA:6,1
DA:7,1
DA:9,1
DA:10,4
DA:11,12
DA:12,1
DA:13,1
DA:15,11
DA:16,1
DA:17,1
DA:18,1
DA:21,4
DA:24,1
DA:25,2
DA:26,7
DA:27,3
DA:28,3
DA:33,1
DA:34,1
DA:35,1
LF:20
LH:20
BRDA:11,0,0,1
BRDA:11,0,1,11
BRDA:11,1,0,12
BRDA:11,1,1,2
BRDA:15,2,0,1
BRDA:15,2,1,10
BRDA:15,3,0,11
BRDA:15,3,1,1
BRDA:26,4,0,3
BRDA:26,4,1,4
BRF:10
BRH:10
end_of_record
TN:
SF:src/parseIntoObj.js
FN:3,(anonymous_0)
FN:4,(anonymous_1)
FNF:2
FNH:1
FNDA:2,(anonymous_0)
FNDA:0,(anonymous_1)
DA:3,1
DA:4,2
DA:5,0
DA:6,0
DA:8,2
LF:5
LH:3
BRDA:5,0,0,0
BRDA:5,0,1,0
BRF:2
BRH:0
end_of_record
